<?xml version="1.0" encoding="UTF-8"?>
<testsuite xmlns:xsi="http://www.w3.org/2001/XMLSchema-instance" xsi:noNamespaceSchemaLocation="https://maven.apache.org/surefire/maven-surefire-plugin/xsd/surefire-test-report.xsd" name="tn.esprit.spring.services.StockServiceImplTest" time="15.188" tests="3" errors="0" skipped="0" failures="0">
  <properties>
[...]
</properties>
  <testcase name="addStockTest" classname="tn.esprit.spring.services.StockServiceImplTest" time="0.113"/>
  <testcase name="getStockTest" classname="tn.esprit.spring.services.StockServiceImplTest" time="0.007"/>
  <testcase name="deleteStockTest" classname="tn.esprit.spring.services.StockServiceImplTest" time="0.023"/>
</testsuite>